2024-09-20 19:16:53.961 [http-nio-8080-exec-6 ] INFO  login.controller.RegisterServlet - 驗證碼: 7347
2024-09-20 19:21:26.853 [http-nio-8080-exec-1 ] INFO  login.controller.RegisterServlet - 驗證碼: 1270
2024-09-20 19:22:51.818 [http-nio-8080-exec-6 ] INFO  login.controller.RegisterServlet - 驗證碼: 6487
2024-09-20 19:44:36.273 [http-nio-8080-exec-5 ] INFO  login.controller.RegisterServlet - 驗證碼: 1595
2024-09-20 19:44:41.915 [http-nio-8080-exec-7 ] INFO  login.controller.RegisterServlet - 驗證碼: 3796
2024-09-20 19:46:00.550 [http-nio-8080-exec-4 ] INFO  login.controller.RegisterServlet - 驗證碼: 3618
2024-09-20 19:46:25.577 [http-nio-8080-exec-2 ] INFO  login.controller.RegisterServlet - 驗證碼: 2532
2024-09-20 19:46:27.713 [http-nio-8080-exec-4 ] INFO  login.controller.RegisterServlet - 驗證碼: 3211
2024-09-20 19:47:30.587 [http-nio-8080-exec-2 ] INFO  login.controller.RegisterServlet - 驗證碼: 2188
2024-09-20 19:48:00.813 [http-nio-8080-exec-8 ] INFO  login.controller.RegisterServlet - userName: admin2, password: 1234, email: frank.chang0330@gmail.com
2024-09-20 19:48:00.910 [http-nio-8080-exec-8 ] INFO  login.controller.RegisterServlet - 註冊結果: true
2024-09-20 19:48:04.604 [http-nio-8080-exec-8 ] INFO  login.service.EmailService - 寄信成功
2024-09-20 19:48:15.531 [http-nio-8080-exec-4 ] INFO  login.controller.RegisterServlet - 驗證碼: 8072
2024-09-20 19:49:20.843 [http-nio-8080-exec-10] INFO  login.controller.RegisterServlet - 驗證碼: 4984
2024-09-20 19:51:53.724 [http-nio-8080-exec-7 ] INFO  login.controller.RegisterServlet - 驗證碼: 9843
2024-09-20 19:52:19.980 [http-nio-8080-exec-10] INFO  login.controller.RegisterServlet - 驗證碼: 0934
2024-09-20 19:59:24.468 [http-nio-8080-exec-24] INFO  login.controller.RegisterServlet - 驗證碼: 5945
2024-09-20 19:59:55.274 [http-nio-8080-exec-24] INFO  login.controller.RegisterServlet - 驗證碼: 7602
2024-09-20 20:00:29.193 [http-nio-8080-exec-25] INFO  login.controller.RegisterServlet - userName: test1234, password: 1234, email: frank.chang0330@gmail.com
2024-09-20 20:00:29.254 [http-nio-8080-exec-25] INFO  login.controller.RegisterServlet - 註冊結果: true
2024-09-20 20:00:33.305 [http-nio-8080-exec-25] INFO  login.service.EmailService - 寄信成功
2024-09-20 20:00:42.202 [http-nio-8080-exec-23] INFO  login.controller.RegisterServlet - 驗證碼: 8534
2024-09-20 20:01:18.683 [http-nio-8080-exec-3 ] INFO  login.controller.RegisterServlet - 驗證碼: 9736
2024-09-20 20:01:20.781 [http-nio-8080-exec-7 ] INFO  login.controller.RegisterServlet - 驗證碼: 1597
2024-09-20 20:01:22.918 [http-nio-8080-exec-8 ] INFO  login.controller.RegisterServlet - 驗證碼: 2085
2024-09-20 20:01:57.411 [http-nio-8080-exec-5 ] INFO  login.controller.RegisterServlet - userName: havd, password: 1234, email: frank.chang0330@gmail.com
2024-09-20 20:01:57.480 [http-nio-8080-exec-5 ] INFO  login.controller.RegisterServlet - 註冊結果: true
2024-09-20 20:02:02.062 [http-nio-8080-exec-5 ] INFO  login.service.EmailService - 寄信成功
2024-09-20 20:02:06.506 [http-nio-8080-exec-9 ] INFO  login.controller.RegisterServlet - 驗證碼: 9097
2024-09-20 20:03:13.284 [http-nio-8080-exec-5 ] INFO  login.controller.RegisterServlet - 驗證碼: 2311
2024-09-20 20:05:17.434 [http-nio-8080-exec-3 ] INFO  login.controller.RegisterServlet - 驗證碼: 5405
